First Station Picking time: 2023-03-31 06:10:05.533637=========================
0 Warning time: 2023-03-31 06:10:05.845993:EHYH,花蓮縣,萬榮鄉,紅葉,三級:1,四級:1,五弱級:1,五強級:0,,六弱級:0

1 Warning time: 2023-03-31 06:10:10.955936:CHKH,臺東縣,成功鎮,博愛,三級:1,四級:1,五弱級:0,五強級:0,,六弱級:0

2 Warning time: 2023-03-31 06:10:11.447339:EDH,臺東縣,東河鄉,東河,三級:1,四級:1,五弱級:0,五強級:0,,六弱級:0

3 Warning time: 2023-03-31 06:10:11.787580:EGFH,花蓮縣,光復鄉,光復,三級:1,四級:1,五弱級:0,五強級:0,,六弱級:0

4 Warning time: 2023-03-31 06:10:12.001246:EHD,台東縣,海端鄉,廣原國小,三級:1,四級:0,五弱級:0,五強級:0,,六弱級:0

5 Warning time: 2023-03-31 06:10:12.445340:ELD,臺東縣,海端鄉,利稻,三級:1,四級:0,五弱級:0,五強級:0,,六弱級:0

6 Warning time: 2023-03-31 06:10:12.707212:SHUL,花蓮縣,壽豐鄉,水璉,三級:1,四級:1,五弱級:1,五強級:0,,六弱級:0

7 Warning time: 2023-03-31 06:10:16.179671:EAH,宜蘭縣,南澳鄉,澳花,三級:1,四級:0,五弱級:0,五強級:0,,六弱級:0

8 Warning time: 2023-03-31 06:10:17.072139:ETLH,花蓮縣,秀林鄉,太魯閣,三級:1,四級:0,五弱級:0,五強級:0,,六弱級:0

9 Warning time: 2023-03-31 06:10:17.450360:FUSS,臺中市,和平區,福壽山,三級:1,四級:1,五弱級:0,五強級:0,,六弱級:0

10 Warning time: 2023-03-31 06:10:17.838181:LDU,臺東縣,綠島鄉,綠島,三級:1,四級:1,五弱級:1,五強級:0,,六弱級:0

11 Warning time: 2023-03-31 06:10:18.127025:LONT,臺東縣,鹿野鄉,鹿野龍田,三級:1,四級:0,五弱級:0,五強級:0,,六弱級:0

12 Warning time: 2023-03-31 06:10:18.964462:STYH,高雄市,桃源區,桃源,三級:1,四級:1,五弱級:0,五強級:0,,六弱級:0

13 Warning time: 2023-03-31 06:10:19.606096:WCS,南投縣,國姓鄉,國姓,三級:1,四級:1,五弱級:0,五強級:0,,六弱級:0

14 Warning time: 2023-03-31 06:10:19.997552:WHY,南投縣,信義鄉,信義,三級:1,四級:1,五弱級:0,五強級:0,,六弱級:0

15 Warning time: 2023-03-31 06:10:20.701629:OWD,南投縣,仁愛鄉,奧萬大,三級:1,四級:0,五弱級:0,五強級:0,,六弱級:0

16 Warning time: 2023-03-31 06:10:21.057399:CHY,嘉義市,西區,嘉義市,三級:1,四級:0,五弱級:0,五強級:0,,六弱級:0

17 Warning time: 2023-03-31 06:10:21.422780:ESA,宜蘭縣,蘇澳鎮,永樂,三級:1,四級:1,五弱級:1,五強級:1,,六弱級:0

18 Warning time: 2023-03-31 06:10:21.803902:ICHU,嘉義縣,義竹鄉,義竹,三級:1,四級:1,五弱級:1,五強級:0,,六弱級:0

19 Warning time: 2023-03-31 06:10:22.221581:SCS,高雄市,旗山區,旗山,三級:1,四級:1,五弱級:0,五強級:0,,六弱級:0

20 Warning time: 2023-03-31 06:10:22.581008:SNS,台南市,楠西區,曾文,三級:1,四級:0,五弱級:0,五強級:0,,六弱級:0

21 Warning time: 2023-03-31 06:10:22.986210:TAWH,臺東縣,大武鄉,大武,三級:1,四級:1,五弱級:0,五強級:0,,六弱級:0

22 Warning time: 2023-03-31 06:10:23.381894:WCKO,嘉義縣,番路鄉,黎明國小,三級:1,四級:1,五弱級:0,五強級:0,,六弱級:0

23 Warning time: 2023-03-31 06:10:24.306137:WDLH,雲林縣,斗六市,斗六市,三級:1,四級:1,五弱級:1,五強級:1,,六弱級:0

24 Warning time: 2023-03-31 06:10:24.780554:WHP,台中市,東勢區,和平,三級:1,四級:0,五弱級:0,五強級:0,,六弱級:0

25 Warning time: 2023-03-31 06:10:25.323881:WRL,彰化縣,二林鎮,二林,三級:1,四級:1,五弱級:0,五強級:0,,六弱級:0

26 Warning time: 2023-03-31 06:10:26.721023:HSN,新竹縣,竹北市,竹北,三級:1,四級:0,五弱級:0,五強級:0,,六弱級:0

27 Warning time: 2023-03-31 06:10:27.884223:KSHI,新竹縣,關西鎮,關西,三級:1,四級:0,五弱級:0,五強級:0,,六弱級:0

28 Warning time: 2023-03-31 06:10:29.091403:NDT,宜蘭縣,大同鄉,大同,三級:1,四級:0,五弱級:0,五強級:0,,六弱級:0

29 Warning time: 2023-03-31 06:10:29.600146:NFF,新竹縣,五峰鄉,五峰,三級:1,四級:0,五弱級:0,五強級:0,,六弱級:0

30 Warning time: 2023-03-31 06:10:30.209882:NHDH,新北市,新店區,新店,三級:1,四級:1,五弱級:0,五強級:0,,六弱級:0

31 Warning time: 2023-03-31 06:10:30.869679:WDJ,臺中市,大甲區,大甲,三級:1,四級:0,五弱級:0,五強級:0,,六弱級:0

32 Warning time: 2023-03-31 06:10:32.903563:ZUZH,臺北市,北投區,竹子湖,三級:1,四級:1,五弱級:1,五強級:0,,六弱級:0

