
花蓮縣 23.4938,121.3451 23.4938,121.3451 
預測: 0級, 真實級別: 2級
|	震度	|	leading time	|
=-=-=-=-=-=-=-=-
臺東縣 23.1917,121.3957 23.1917,121.3957 
預測: 0級, 真實級別: 3級
|	震度	|	leading time	|
=-=-=-=-=-=-=-=-
花蓮縣 23.6688,121.4274 23.6688,121.4274 
預測: 0級, 真實級別: 4級
|	震度	|	leading time	|
=-=-=-=-=-=-=-=-
台東縣 23.1488,121.2061 23.1488,121.2061 
預測: 0級, 真實級別: 3級
|	震度	|	leading time	|
=-=-=-=-=-=-=-=-
花蓮縣 23.7875,121.5627 23.7875,121.5627 
預測: 0級, 真實級別: 4級
|	震度	|	leading time	|
=-=-=-=-=-=-=-=-
臺東縣 23.1871,121.0250 23.1871,121.0250 
預測: 0級, 真實級別: 2級
|	震度	|	leading time	|
=-=-=-=-=-=-=-=-
臺東縣 22.9725,121.3039 22.9725,121.3039 
預測: 0級, 真實級別: 2級
|	震度	|	leading time	|
=-=-=-=-=-=-=-=-
臺東縣 22.9064,121.1299 22.9064,121.1299 
預測: 0級, 真實級別: 2級
|	震度	|	leading time	|
=-=-=-=-=-=-=-=-
南投縣 23.9545,121.1759 23.9545,121.1759 
預測: 0級, 真實級別: 1級
|	震度	|	leading time	|
=-=-=-=-=-=-=-=-
花蓮縣 24.2068,121.4818 24.2068,121.4818 
預測: 0級, 真實級別: 3級
|	震度	|	leading time	|
=-=-=-=-=-=-=-=-
南投縣 23.6961,120.8532 23.6961,120.8532 
預測: 0級, 真實級別: 2級
|	震度	|	leading time	|
=-=-=-=-=-=-=-=-
高雄市 23.1794,120.7811 23.1794,120.7811 
預測: 0級, 真實級別: 2級
|	震度	|	leading time	|
=-=-=-=-=-=-=-=-
嘉義縣 23.4385,120.6047 23.4385,120.6047 
預測: 0級, 真實級別: 1級
|	震度	|	leading time	|
=-=-=-=-=-=-=-=-
台南市 23.2198,120.4973 23.2198,120.4973 
預測: 0級, 真實級別: 2級
|	震度	|	leading time	|
=-=-=-=-=-=-=-=-
宜蘭縣 24.5757,121.8439 24.5757,121.8439 
預測: 0級, 真實級別: 5弱級
|	震度	|	leading time	|
=-=-=-=-=-=-=-=-
臺中市 24.3478,120.6403 24.3478,120.6403 
預測: 0級, 真實級別: 2級
|	震度	|	leading time	|
=-=-=-=-=-=-=-=-